Release 14.7 - xst P.20131013 (nt64)
Copyright (c) 1995-2013 Xilinx, Inc.  All rights reserved.
--> Parameter TMPDIR set to xst/projnav.tmp


Total REAL time to Xst completion: 1.00 secs
Total CPU time to Xst completion: 0.09 secs
 
--> Parameter xsthdpdir set to xst


Total REAL time to Xst completion: 1.00 secs
Total CPU time to Xst completion: 0.09 secs
 
--> Reading design: paged_RAM.prj

TABLE OF CONTENTS
  1) Synthesis Options Summary
  2) HDL Compilation
  3) Design Hierarchy Analysis
  4) HDL Analysis
  5) HDL Synthesis
     5.1) HDL Synthesis Report
  6) Advanced HDL Synthesis
     6.1) Advanced HDL Synthesis Report
  7) Low Level Synthesis
  8) Partition Report
  9) Final Report

=========================================================================
*                      Synthesis Options Summary                        *
=========================================================================
---- Source Parameters
Input File Name                    : "paged_RAM.prj"
Input Format                       : mixed
Ignore Synthesis Constraint File   : NO

---- Target Parameters
Output File Name                   : "paged_RAM"
Output Format                      : NGC
Target Device                      : XC9500XL CPLDs

---- Source Options
Top Module Name                    : paged_RAM
Automatic FSM Extraction           : YES
FSM Encoding Algorithm             : Auto
Safe Implementation                : No
Mux Extraction                     : Yes
Resource Sharing                   : YES

---- Target Options
Add IO Buffers                     : YES
MACRO Preserve                     : YES
XOR Preserve                       : YES
Equivalent register Removal        : YES

---- General Options
Optimization Goal                  : Speed
Optimization Effort                : 1
Keep Hierarchy                     : Yes
Netlist Hierarchy                  : As_Optimized
RTL Output                         : Yes
Hierarchy Separator                : /
Bus Delimiter                      : <>
Case Specifier                     : Maintain
Verilog 2001                       : YES

---- Other Options
Clock Enable                       : YES
wysiwyg                            : NO

=========================================================================


=========================================================================
*                          HDL Compilation                              *
=========================================================================
Compiling verilog file "oMegaRAM.v" in library work
Module <paged_RAM> compiled
No errors in compilation
Analysis of file <"paged_RAM.prj"> succeeded.
 

=========================================================================
*                     Design Hierarchy Analysis                         *
=========================================================================
Analyzing hierarchy for module <paged_RAM> in library <work>.


=========================================================================
*                            HDL Analysis                               *
=========================================================================
Analyzing top module <paged_RAM>.
WARNING:Xst:1467 - "oMegaRAM.v" line 63: Reset or set value is not constant in <x_page>. It could involve simulation mismatches
WARNING:Xst:1467 - "oMegaRAM.v" line 63: Reset or set value is not constant in <x_page>. It could involve simulation mismatches
Module <paged_RAM> is correct for synthesis.
 

=========================================================================
*                           HDL Synthesis                               *
=========================================================================

Performing bidirectional port resolution...

Synthesizing Unit <paged_RAM>.
    Related source file is "oMegaRAM.v".
WARNING:Xst:647 - Input <aq_addr_LO<13:8>> is never used. This port will be preserved and left unconnected if it belongs to a top-level block or it belongs to a sub-block and the hierarchy of this sub-block is preserved.
WARNING:Xst:2110 - Clock of register <x_page> seems to be also used in the data or control logic of that element.
    Found 6-bit register for signal <x_page>.
    Found 6-bit register for signal <a_page>.
    Found 6-bit register for signal <b_page>.
    Found 6-bit register for signal <c_page>.
    Found 1-bit register for signal <hi_RAM_enable>.
    Summary:
	inferred   1 D-type flip-flop(s).
Unit <paged_RAM> synthesized.


=========================================================================
HDL Synthesis Report

Macro Statistics
# Registers                                            : 5
 1-bit register                                        : 1
 6-bit register                                        : 4

=========================================================================

=========================================================================
*                       Advanced HDL Synthesis                          *
=========================================================================

WARNING:Xst:1426 - The value init of the FF/Latch 0 hinder the constant cleaning in the block hi_RAM_enable.
   You should achieve better results by setting this init to 1.

=========================================================================
Advanced HDL Synthesis Report

Macro Statistics
# Registers                                            : 1
 Flip-Flops                                            : 1

=========================================================================

=========================================================================
*                         Low Level Synthesis                           *
=========================================================================
WARNING:Xst:1426 - The value init of the FF/Latch hi_RAM_enable hinder the constant cleaning in the block paged_RAM.
   You should achieve better results by setting this init to 1.

Optimizing unit <paged_RAM> ...
  implementation constraint: INIT=r	 : hi_RAM_enable
  implementation constraint: INIT=r	 : c_page_5
  implementation constraint: INIT=r	 : b_page_5
  implementation constraint: INIT=r	 : a_page_0
  implementation constraint: INIT=r	 : b_page_0
  implementation constraint: INIT=r	 : b_page_1
  implementation constraint: INIT=r	 : b_page_2
  implementation constraint: INIT=r	 : b_page_3
  implementation constraint: INIT=r	 : b_page_4
  implementation constraint: INIT=r	 : c_page_0
  implementation constraint: INIT=r	 : c_page_1
  implementation constraint: INIT=r	 : c_page_2
  implementation constraint: INIT=r	 : c_page_3
  implementation constraint: INIT=r	 : c_page_4
  implementation constraint: INIT=r	 : a_page_5
  implementation constraint: INIT=r	 : a_page_4
  implementation constraint: INIT=r	 : a_page_3
  implementation constraint: INIT=r	 : a_page_2
  implementation constraint: INIT=r	 : a_page_1

=========================================================================
*                           Partition Report                            *
=========================================================================

Partition Implementation Status
-------------------------------

  No Partitions were found in this design.

-------------------------------

=========================================================================
*                            Final Report                               *
=========================================================================
Final Results
RTL Top Level Output File Name     : paged_RAM.ngr
Top Level Output File Name         : paged_RAM
Output Format                      : NGC
Optimization Goal                  : Speed
Keep Hierarchy                     : Yes
Target Technology                  : XC9500XL CPLDs
Macro Preserve                     : YES
XOR Preserve                       : YES
Clock Enable                       : YES
wysiwyg                            : NO

Design Statistics
# IOs                              : 36

Cell Usage :
# BELS                             : 108
#      AND2                        : 49
#      AND3                        : 9
#      AND4                        : 1
#      GND                         : 1
#      INV                         : 34
#      OR2                         : 12
#      VCC                         : 1
#      XOR2                        : 1
# FlipFlops/Latches                : 25
#      FD                          : 1
#      FDCE                        : 18
#      FDCP                        : 6
# IO Buffers                       : 30
#      IBUF                        : 21
#      OBUF                        : 9
=========================================================================


Total REAL time to Xst completion: 3.00 secs
Total CPU time to Xst completion: 2.77 secs
 
--> 

Total memory usage is 4504144 kilobytes

Number of errors   :    0 (   0 filtered)
Number of warnings :    6 (   0 filtered)
Number of infos    :    0 (   0 filtered)

